

Started GET "/assets/rails.png" for 127.0.0.1 at 2013-10-19 03:40:36 -0700
Served asset /rails.png - 200 OK (15ms)


Started GET "/assets/rails.png" for 127.0.0.1 at 2013-10-19 03:40:39 -0700
Served asset /rails.png - 200 OK (0ms)
  [1m[36m (0.0ms)[0m  [1mselect sqlite_version(*)[0m
  [1m[35m (113.7ms)[0m  CREATE TABLE "schema_migrations" ("version" varchar(255) NOT NULL) 
  [1m[36m (0.0ms)[0m  [1mPRAGMA index_list("schema_migrations")[0m
  [1m[35m (122.1ms)[0m  CREATE UNIQUE INDEX "unique_schema_migrations" ON "schema_migrations" ("version")
  [1m[36m (0.0ms)[0m  [1mSELECT "schema_migrations"."version" FROM "schema_migrations" [0m
Migrating to CreateStatuses (20131019104317)
  [1m[35m (0.0ms)[0m  begin transaction
  [1m[36m (3.0ms)[0m  [1mCREATE TABLE "statuses" ("id" INTEGER PRIMARY KEY AUTOINCREMENT NOT NULL, "name" varchar(255), "content" text, "created_at" datetime NOT NULL, "updated_at" datetime NOT NULL) [0m
  [1m[35m (1.0ms)[0m  INSERT INTO "schema_migrations" ("version") VALUES ('20131019104317')
  [1m[36m (104.6ms)[0m  [1mcommit transaction[0m
  [1m[35m (0.0ms)[0m  select sqlite_version(*)
  [1m[36m (1.0ms)[0m  [1mSELECT "schema_migrations"."version" FROM "schema_migrations" [0m
  [1m[35m (0.0ms)[0m  PRAGMA index_list("statuses")


Started GET "/assets/rails.png" for 127.0.0.1 at 2013-10-19 03:44:19 -0700
Served asset /rails.png - 304 Not Modified (3ms)


Started GET "/statuses" for 127.0.0.1 at 2013-10-19 03:44:25 -0700
Processing by StatusesController#index as HTML
  [1m[36mStatus Load (1.0ms)[0m  [1mSELECT "statuses".* FROM "statuses" [0m
  Rendered statuses/index.html.erb within layouts/application (32.9ms)
Compiled scaffolds.css  (71ms)  (pid 7076)
Compiled statuses.css  (6ms)  (pid 7076)
Compiled application.css  (107ms)  (pid 7076)
Compiled jquery.js  (4ms)  (pid 7076)
Compiled jquery_ujs.js  (0ms)  (pid 7076)
Completed 500 Internal Server Error in 1106ms

ActionView::Template::Error (
  (in C:/Sites/Projects/twitch/app/assets/javascripts/statuses.js.coffee)):
    3: <head>
    4:   <title>Twitch</title>
    5:   <%= stylesheet_link_tag    "application", :media => "all" %>
    6:   <%= javascript_include_tag "application" %>
    7:   <%= csrf_meta_tags %>
    8: </head>
    9: <body>
  app/views/layouts/application.html.erb:6:in `_app_views_layouts_application_html_erb__267223511_44212116'
  app/controllers/statuses_controller.rb:7:in `index'


  Rendered C:/RailsInstaller/Ruby1.9.3/lib/ruby/gems/1.9.1/gems/actionpack-3.2.1/lib/action_dispatch/middleware/templates/rescues/_trace.erb (6.0ms)
  Rendered C:/RailsInstaller/Ruby1.9.3/lib/ruby/gems/1.9.1/gems/actionpack-3.2.1/lib/action_dispatch/middleware/templates/rescues/_request_and_response.erb (1.0ms)
  Rendered C:/RailsInstaller/Ruby1.9.3/lib/ruby/gems/1.9.1/gems/actionpack-3.2.1/lib/action_dispatch/middleware/templates/rescues/template_error.erb within rescues/layout (48.0ms)


Started GET "/assets/rails.png" for ::1 at 2013-10-19 03:46:10 -0700
Served asset /rails.png - 200 OK (2ms)


Started GET "/statuses" for ::1 at 2013-10-19 03:46:33 -0700
Processing by StatusesController#index as HTML
  [1m[36mStatus Load (0.0ms)[0m  [1mSELECT "statuses".* FROM "statuses" [0m
  Rendered statuses/index.html.erb within layouts/application (21.0ms)
Completed 500 Internal Server Error in 265ms

ActionView::Template::Error (
  (in C:/Sites/Projects/twitch/app/assets/javascripts/statuses.js.coffee)):
    3: <head>
    4:   <title>Twitch</title>
    5:   <%= stylesheet_link_tag    "application", :media => "all" %>
    6:   <%= javascript_include_tag "application" %>
    7:   <%= csrf_meta_tags %>
    8: </head>
    9: <body>
  app/views/layouts/application.html.erb:6:in `_app_views_layouts_application_html_erb___364361755_43688928'
  app/controllers/statuses_controller.rb:7:in `index'


  Rendered C:/RailsInstaller/Ruby1.9.3/lib/ruby/gems/1.9.1/gems/actionpack-3.2.1/lib/action_dispatch/middleware/templates/rescues/_trace.erb (7.0ms)
  Rendered C:/RailsInstaller/Ruby1.9.3/lib/ruby/gems/1.9.1/gems/actionpack-3.2.1/lib/action_dispatch/middleware/templates/rescues/_request_and_response.erb (1.0ms)
  Rendered C:/RailsInstaller/Ruby1.9.3/lib/ruby/gems/1.9.1/gems/actionpack-3.2.1/lib/action_dispatch/middleware/templates/rescues/template_error.erb within rescues/layout (14.0ms)


Started GET "/assets/rails.png" for 127.0.0.1 at 2013-10-22 20:09:44 -0700
Served asset /rails.png - 200 OK (277ms)


Started GET "/statuses" for 127.0.0.1 at 2013-10-22 20:10:00 -0700
Processing by StatusesController#index as HTML
  [1m[36mStatus Load (0.0ms)[0m  [1mSELECT "statuses".* FROM "statuses" [0m
  Rendered statuses/index.html.erb within layouts/application (58.0ms)
Compiled statuses.js  (2356ms)  (pid 4152)
Compiled application.js  (3015ms)  (pid 4152)
Completed 200 OK in 4291ms (Views: 4287.9ms | ActiveRecord: 0.0ms)


Started GET "/assets/scaffolds.css?body=1" for 127.0.0.1 at 2013-10-22 20:10:07 -0700
Served asset /scaffolds.css - 200 OK (7ms)


Started GET "/assets/application.css?body=1" for 127.0.0.1 at 2013-10-22 20:10:07 -0700
Served asset /application.css - 200 OK (9ms)


Started GET "/assets/statuses.css?body=1" for 127.0.0.1 at 2013-10-22 20:10:07 -0700
Served asset /statuses.css - 200 OK (4ms)


Started GET "/assets/jquery.js?body=1" for 127.0.0.1 at 2013-10-22 20:10:07 -0700
Served asset /jquery.js - 200 OK (27ms)


Started GET "/assets/jquery_ujs.js?body=1" for 127.0.0.1 at 2013-10-22 20:10:07 -0700
Served asset /jquery_ujs.js - 200 OK (4ms)


Started GET "/assets/statuses.js?body=1" for 127.0.0.1 at 2013-10-22 20:10:07 -0700
Served asset /statuses.js - 200 OK (3ms)


Started GET "/assets/application.js?body=1" for 127.0.0.1 at 2013-10-22 20:10:07 -0700
Served asset /application.js - 200 OK (13ms)


Started GET "/statuses/new" for 127.0.0.1 at 2013-10-23 20:31:20 -0700
Processing by StatusesController#new as HTML
  Rendered statuses/_form.html.erb (68.5ms)
  Rendered statuses/new.html.erb within layouts/application (141.5ms)
Completed 200 OK in 587ms (Views: 578.2ms | ActiveRecord: 0.0ms)


Started GET "/assets/scaffolds.css?body=1" for 127.0.0.1 at 2013-10-23 20:31:24 -0700
Served asset /scaffolds.css - 304 Not Modified (7ms)


Started GET "/assets/statuses.css?body=1" for 127.0.0.1 at 2013-10-23 20:31:24 -0700
Served asset /statuses.css - 304 Not Modified (4ms)


Started GET "/assets/application.css?body=1" for 127.0.0.1 at 2013-10-23 20:31:24 -0700
Served asset /application.css - 304 Not Modified (8ms)


Started GET "/assets/jquery_ujs.js?body=1" for 127.0.0.1 at 2013-10-23 20:31:24 -0700
Served asset /jquery_ujs.js - 200 OK (27ms)


Started GET "/assets/jquery.js?body=1" for 127.0.0.1 at 2013-10-23 20:31:24 -0700
Served asset /jquery.js - 200 OK (4ms)


Started GET "/assets/statuses.js?body=1" for 127.0.0.1 at 2013-10-23 20:31:24 -0700
Served asset /statuses.js - 200 OK (3ms)


Started GET "/assets/application.js?body=1" for 127.0.0.1 at 2013-10-23 20:31:24 -0700
Served asset /application.js - 200 OK (7ms)


Started POST "/statuses" for 127.0.0.1 at 2013-10-23 20:31:43 -0700
Processing by StatusesController#create as HTML
  Parameters: {"utf8"=>"✓", "authenticity_token"=>"OymrTYobWUDgd8fp/qTsGKB0J26FgzeZFWsimzYdfN0=", "status"=>{"name"=>"Varand Abrahamian", "content"=>"Hey Mack I am new to Twitch!"}, "commit"=>"Create Status"}
  [1m[36m (0.0ms)[0m  [1mbegin transaction[0m
  [1m[35mSQL (185.0ms)[0m  INSERT INTO "statuses" ("content", "created_at", "name", "updated_at") VALUES (?, ?, ?, ?)  [["content", "Hey Mack I am new to Twitch!"], ["created_at", Thu, 24 Oct 2013 03:31:43 UTC +00:00], ["name", "Varand Abrahamian"], ["updated_at", Thu, 24 Oct 2013 03:31:43 UTC +00:00]]
  [1m[36m (108.6ms)[0m  [1mcommit transaction[0m
Redirected to http://localhost:3000/statuses/1
Completed 302 Found in 300ms (ActiveRecord: 293.6ms)


Started GET "/statuses/1" for 127.0.0.1 at 2013-10-23 20:31:43 -0700
Processing by StatusesController#show as HTML
  Parameters: {"id"=>"1"}
  [1m[35mStatus Load (0.0ms)[0m  SELECT "statuses".* FROM "statuses" WHERE "statuses"."id" = ? LIMIT 1  [["id", "1"]]
  Rendered statuses/show.html.erb within layouts/application (3.0ms)
Completed 200 OK in 22ms (Views: 18.0ms | ActiveRecord: 0.0ms)


Started GET "/assets/application.css?body=1" for 127.0.0.1 at 2013-10-23 20:31:43 -0700
Served asset /application.css - 304 Not Modified (0ms)


Started GET "/assets/scaffolds.css?body=1" for 127.0.0.1 at 2013-10-23 20:31:43 -0700
Served asset /scaffolds.css - 304 Not Modified (0ms)


Started GET "/assets/statuses.css?body=1" for 127.0.0.1 at 2013-10-23 20:31:44 -0700
Served asset /statuses.css - 304 Not Modified (1ms)


Started GET "/statuses" for 127.0.0.1 at 2013-10-23 20:31:47 -0700
Processing by StatusesController#index as HTML
  [1m[36mStatus Load (0.0ms)[0m  [1mSELECT "statuses".* FROM "statuses" [0m
  Rendered statuses/index.html.erb within layouts/application (6.0ms)
Completed 200 OK in 55ms (Views: 54.3ms | ActiveRecord: 0.0ms)


Started GET "/assets/application.css?body=1" for 127.0.0.1 at 2013-10-23 20:31:47 -0700
Served asset /application.css - 304 Not Modified (0ms)


Started GET "/assets/scaffolds.css?body=1" for 127.0.0.1 at 2013-10-23 20:31:47 -0700
Served asset /scaffolds.css - 304 Not Modified (0ms)


Started GET "/assets/statuses.css?body=1" for 127.0.0.1 at 2013-10-23 20:31:47 -0700
Served asset /statuses.css - 304 Not Modified (0ms)


Started GET "/statuses/1/edit" for 127.0.0.1 at 2013-10-23 20:31:57 -0700
Processing by StatusesController#edit as HTML
  Parameters: {"id"=>"1"}
  [1m[35mStatus Load (0.0ms)[0m  SELECT "statuses".* FROM "statuses" WHERE "statuses"."id" = ? LIMIT 1  [["id", "1"]]
  Rendered statuses/_form.html.erb (3.0ms)
  Rendered statuses/edit.html.erb within layouts/application (6.0ms)
Completed 200 OK in 18ms (Views: 16.0ms | ActiveRecord: 0.0ms)


Started GET "/assets/application.css?body=1" for 127.0.0.1 at 2013-10-23 20:31:57 -0700
Served asset /application.css - 304 Not Modified (0ms)


Started GET "/assets/scaffolds.css?body=1" for 127.0.0.1 at 2013-10-23 20:31:58 -0700
Served asset /scaffolds.css - 304 Not Modified (0ms)


Started GET "/assets/statuses.css?body=1" for 127.0.0.1 at 2013-10-23 20:31:58 -0700
Served asset /statuses.css - 304 Not Modified (1ms)


Started PUT "/statuses/1" for 127.0.0.1 at 2013-10-23 20:32:01 -0700
Processing by StatusesController#update as HTML
  Parameters: {"utf8"=>"✓", "authenticity_token"=>"OymrTYobWUDgd8fp/qTsGKB0J26FgzeZFWsimzYdfN0=", "status"=>{"name"=>"Varand", "content"=>"Hey Mack I am new to Twitch!"}, "commit"=>"Update Status", "id"=>"1"}
  [1m[36mStatus Load (0.0ms)[0m  [1mSELECT "statuses".* FROM "statuses" WHERE "statuses"."id" = ? LIMIT 1[0m  [["id", "1"]]
  [1m[35m (1.0ms)[0m  begin transaction
  [1m[36m (1.0ms)[0m  [1mUPDATE "statuses" SET "name" = 'Varand', "updated_at" = '2013-10-24 03:32:01.826586' WHERE "statuses"."id" = 1[0m
  [1m[35m (81.0ms)[0m  commit transaction
Redirected to http://localhost:3000/statuses/1
Completed 302 Found in 94ms (ActiveRecord: 83.1ms)


Started GET "/statuses/1" for 127.0.0.1 at 2013-10-23 20:32:01 -0700
Processing by StatusesController#show as HTML
  Parameters: {"id"=>"1"}
  [1m[36mStatus Load (0.0ms)[0m  [1mSELECT "statuses".* FROM "statuses" WHERE "statuses"."id" = ? LIMIT 1[0m  [["id", "1"]]
  Rendered statuses/show.html.erb within layouts/application (1.0ms)
Completed 200 OK in 30ms (Views: 29.0ms | ActiveRecord: 0.0ms)


Started GET "/assets/application.css?body=1" for 127.0.0.1 at 2013-10-23 20:32:01 -0700
Served asset /application.css - 304 Not Modified (0ms)


Started GET "/assets/scaffolds.css?body=1" for 127.0.0.1 at 2013-10-23 20:32:02 -0700
Served asset /scaffolds.css - 304 Not Modified (0ms)


Started GET "/assets/statuses.css?body=1" for 127.0.0.1 at 2013-10-23 20:32:02 -0700
Served asset /statuses.css - 304 Not Modified (0ms)


Started GET "/statuses" for 127.0.0.1 at 2013-10-23 20:32:05 -0700
Processing by StatusesController#index as HTML
  [1m[35mStatus Load (0.0ms)[0m  SELECT "statuses".* FROM "statuses" 
  Rendered statuses/index.html.erb within layouts/application (1.0ms)
Completed 200 OK in 11ms (Views: 10.0ms | ActiveRecord: 0.0ms)


Started GET "/assets/application.css?body=1" for 127.0.0.1 at 2013-10-23 20:32:05 -0700
Served asset /application.css - 304 Not Modified (0ms)


Started GET "/assets/statuses.css?body=1" for 127.0.0.1 at 2013-10-23 20:32:05 -0700
Served asset /statuses.css - 304 Not Modified (0ms)


Started GET "/assets/scaffolds.css?body=1" for 127.0.0.1 at 2013-10-23 20:32:05 -0700
Served asset /scaffolds.css - 304 Not Modified (1ms)
